2024-05-08T13:52:39.096Z  +3561ms [debug] Config loaded {"version":"2.41.4","cdkVersion":"2.132.1","constructsVersion":"10.3.0","config":{"name":"linaro-website","region":"us-east-1","profile":"linaro-web","stage":"lm-local","ssmPrefix":"/sst/linaro-website/lm-local/"},"metafile":{"inputs":{"sst.config.ts":{"bytes":274,"imports":[{"path":"sst/constructs","kind":"import-statement","external":true}],"format":"esm"}},"outputs":{".sst.config.1715176355587.mjs":{"imports":[{"path":"sst/constructs","kind":"import-statement","external":true}],"exports":["default"],"entryPoint":"sst.config.ts","inputs":{"sst.config.ts":{"bytesInOutput":194}},"bytes":376}}},"paths":{"config":"/home/louis/Dev/LinaroWebsite/sst.config.ts","root":"/home/louis/Dev/LinaroWebsite","out":"/home/louis/Dev/LinaroWebsite/.sst","artifacts":"/home/louis/Dev/LinaroWebsite/.sst/artifacts"}}
2024-05-08T13:52:39.698Z   +602ms [debug] Using AWS profile linaro-web
2024-05-08T13:52:39.708Z    +10ms [debug] Created AWS client IoTClient
2024-05-08T13:52:39.708Z     +0ms [debug] Getting IoT endpoint
2024-05-08T13:52:39.754Z    +46ms [debug] Synthesizing stacks...
2024-05-08T13:52:39.776Z    +22ms [debug] Created AWS client STSClient
2024-05-08T13:52:41.353Z  +1577ms [debug] Using IoT endpoint: a3o35ztt11qahw-ats.iot.us-east-1.amazonaws.com
2024-05-08T13:52:41.354Z     +1ms [debug] Initializing bootstrap context
2024-05-08T13:52:41.355Z     +1ms [debug] Created AWS client CloudFormationClient
2024-05-08T13:52:41.410Z    +55ms [debug] Using identity Account: 691071635361 User: AROA2BZYUJ6QXVOBL3MPS:louis.morgan@linaro.org
2024-05-08T13:52:41.417Z     +7ms [debug] Generating types in /home/louis/Dev/LinaroWebsite/.sst/types
2024-05-08T13:52:41.616Z   +199ms [debug] Running 1 deferred tasks with concurrency: 11
2024-05-08T13:52:42.177Z   +561ms [debug] Loaded bootstrap status
2024-05-08T13:52:42.177Z     +0ms [debug] Bootstrap context initialized {"status":"ready","version":"7.3","bucket":"sstbootstrap-useast124d14e4b-0afmzeyipzjd"}
2024-05-08T13:52:42.181Z     +4ms [debug] Created AWS client S3Client
2024-05-08T13:52:42.471Z   +290ms [debug] 
2024-05-08T13:52:42.471Z     +0ms [debug] Loading v2 AWS SDK
2024-05-08T13:52:42.472Z     +1ms [debug] Finished synthesizing
2024-05-08T13:52:43.002Z   +530ms [debug] IoT connected
2024-05-08T13:52:43.053Z    +51ms [debug] Fetching metadata for stack lm-local-linaro-website-Site failed {"name":"NoSuchKey","$fault":"client","$metadata":{"httpStatusCode":404,"requestId":"07GBVXNJAD5KPKMQ","extendedRequestId":"IuhO4gZCevoEYyijzu7/81IgI2yGkdReS+q3yGT2Ros1T5hvxrqiuy8UQSV4gk7v4wuxZAkLnAs=","attempts":1,"totalRetryDelay":0},"Code":"NoSuchKey","Key":"stackMetadata/app.linaro-website/stage.lm-local/stack.lm-local-linaro-website-Site.json","RequestId":"07GBVXNJAD5KPKMQ","HostId":"IuhO4gZCevoEYyijzu7/81IgI2yGkdReS+q3yGT2Ros1T5hvxrqiuy8UQSV4gk7v4wuxZAkLnAs=","message":"The specified key does not exist."}
2024-05-08T13:52:43.055Z     +2ms [debug] Created AWS client SSMClient
